mktextfm Palatino
mktextfm Palatino
mktextfm Palatino
mktextfm Palatino
mktextfm Palatino/B
mktextfm Palatino
mktextfm Palatino/I
mktextfm Palatino
mktextfm Palatino/BI
mktextfm Palatino
mktextfm Palatino
mktextfm Palatino
mktextfm Palatino
mktextfm Palatino
mktextfm Palatino/B
mktextfm Palatino
mktextfm Palatino/I
mktextfm Palatino
mktextfm Palatino/BI
mktextfm Palatino
mktextfm Palatino
mktextfm Palatino
mktextfm Palatino
mktextfm Palatino
mktextfm Palatino
mktextfm Palatino
mktextfm Palatino
mktextfm Palatino/B
mktextfm Palatino
mktextfm Palatino/I
mktextfm Palatino
mktextfm Palatino/BI
mktextfm Palatino
mktextfm Palatino
mktextfm Palatino
mktextfm Palatino
mktextfm Palatino
mktextfm Palatino/B
mktextfm Palatino
mktextfm Palatino/I
mktextfm Palatino
mktextfm Palatino/BI
mktextfm Palatino
mktextfm Palatino
mktextfm Palatino
mktextfm Palatino
mktextfm Palatino
mktextfm Palatino
mktextfm Palatino/B
mktextfm Palatino
mktextfm Palatino/I
mktextfm Palatino
mktextfm Palatino/BI
mktextfm Palatino
mktextfm Palatino
mktextfm Palatino
mktextfm Palatino
mktextfm Palatino
mktextfm Palatino/B
mktextfm Palatino
mktextfm Palatino/I
mktextfm Palatino
mktextfm Palatino/BI
mktextfm Palatino
mktextfm Palatino
mktextfm Palatino
mktextfm Palatino
mktextfm Palatino
mktextfm Palatino
mktextfm Palatino/B
mktextfm Palatino
mktextfm Palatino/I
mktextfm Palatino
mktextfm Palatino/BI
mktextfm Palatino
mktextfm Palatino
mktextfm Palatino
mktextfm Palatino
mktextfm Palatino
mktextfm Palatino/B
mktextfm Palatino
mktextfm Palatino/I
mktextfm Palatino
mktextfm Palatino/BI
mktextfm Palatino
mktextfm Palatino
mktextfm Palatino
mktextfm Palatino
mktextfm Palatino
mktextfm Palatino
mktextfm Palatino/B
mktextfm Palatino
mktextfm Palatino/I
mktextfm Palatino
mktextfm Palatino/BI
mktextfm Palatino
mktextfm Ariel
mktextfm Ariel
mktextfm Ariel
mktextfm Ariel
mktextfm Ariel/B
mktextfm Ariel
mktextfm Ariel/I
mktextfm Ariel
mktextfm Ariel/BI
mktextfm Ariel
mktextfm Ariel
mktextfm Palatino
mktextfm Palatino
mktextfm Palatino
mktextfm Palatino
mktextfm Palatino/B
mktextfm Palatino
mktextfm Palatino/I
mktextfm Palatino
mktextfm Palatino/BI
mktextfm Palatino
mktextfm Ariel
mktextfm Ariel
mktextfm Ariel
mktextfm Ariel
mktextfm Ariel/B
mktextfm Ariel
mktextfm Ariel/I
mktextfm Ariel
mktextfm Ariel/BI
mktextfm Ariel
mktextfm Ariel
mktextfm Palatino
mktextfm Palatino
mktextfm Palatino
mktextfm Palatino
mktextfm Palatino/B
mktextfm Palatino
mktextfm Palatino/I
mktextfm Palatino
mktextfm Palatino/BI
mktextfm Palatino
mktextfm Palatino
mktextfm Palatino
mktextfm Palatino
mktextfm Palatino/BI
mktextfm Palatino
mktextfm Palatino/B
mktextfm Palatino
mktextfm Palatino/I
mktextfm Palatino
mktextfm Palatino
mktextfm Palatino
mktextfm Palatino
mktextfm Palatino
mktextfm Palatino
mktextfm Palatino/BI
mktextfm Palatino
mktextfm Palatino/B
mktextfm Palatino
mktextfm Palatino/I
mktextfm Palatino
mktextfm Palatino
mktextfm Palatino
mktextfm Palatino
mktextfm Palatino
mktextfm Palatino
mktextfm Palatino
mktextfm Palatino/BI
mktextfm Palatino
mktextfm Palatino/B
mktextfm Palatino
mktextfm Palatino/I
mktextfm Palatino
mktextfm Palatino
mktextfm Palatino
mktextfm Palatino
mktextfm Palatino
mktextfm Palatino
mktextfm Palatino/BI
mktextfm Palatino
mktextfm Palatino/B
mktextfm Palatino
mktextfm Palatino/I
mktextfm Palatino
mktextfm Palatino
mktextfm Palatino
mktextfm palatino
mktextfm palatino
mktextfm palatino
mktextfm palatino/BI
mktextfm palatino
mktextfm palatino/B
mktextfm palatino
mktextfm palatino/I
mktextfm palatino
mktextfm palatino
mktextfm palatino
mktextfm palatino
mktextfm Palatino
mktextfm Palatino
mktextfm Palatino
mktextfm Palatino/BI
mktextfm Palatino
mktextfm Palatino/B
mktextfm Palatino
mktextfm Palatino/I
mktextfm Palatino
mktextfm Palatino
mktextfm Palatino
mktextfm Arial
mktextfm Arial
mktextfm Arial
mktextfm Arial/BI
mktextfm Arial
mktextfm Arial/B
mktextfm Arial
mktextfm Arial/I
mktextfm Arial
mktextfm Arial
mktextfm Arial
mktextfm Arial
mktextfm lmodern
mktextfm lmodern
mktextfm lmodern
mktextfm lmodern/BI
mktextfm lmodern
mktextfm lmodern/B
mktextfm lmodern
mktextfm lmodern/I
mktextfm lmodern
mktextfm lmodern
mktextfm lmodern
mktextfm lmodern
mktextfm lmodern
mktextfm lmodern
mktextfm lmodern/BI
mktextfm lmodern
mktextfm lmodern/B
mktextfm lmodern
mktextfm lmodern/I
mktextfm lmodern
mktextfm lmodern
mktextfm lmodern
mktextfm lmodern
mktextfm lmodern
mktextfm lmodern
mktextfm lmodern
mktextfm lmodern/BI
mktextfm lmodern
mktextfm lmodern/B
mktextfm lmodern
mktextfm lmodern/I
mktextfm lmodern
mktextfm lmodern
mktextfm lmodern
mktextfm times
mktextfm times
mktextfm times
mktextfm times/BI
mktextfm times
mktextfm times/B
mktextfm times
mktextfm times/I
mktextfm times
mktextfm times
mktextfm times
mktextfm times
mktextfm lmodern
mktextfm lmodern
mktextfm lmodern
mktextfm lmodern/BI
mktextfm lmodern
mktextfm lmodern/B
mktextfm lmodern
mktextfm lmodern/I
mktextfm lmodern
mktextfm lmodern
mktextfm lmodern
mktextfm times
mktextfm times
mktextfm times
mktextfm times/BI
mktextfm times
mktextfm times/B
mktextfm times
mktextfm times/I
mktextfm times
mktextfm times
mktextfm times
mktextfm times
mktextfm times
mktextfm times
mktextfm lmodern
mktextfm lmodern
mktextfm lmodern
mktextfm lmodern/BI
mktextfm lmodern
mktextfm lmodern/B
mktextfm lmodern
mktextfm lmodern/I
mktextfm lmodern
mktextfm lmodern
mktextfm lmodern
mktextfm lmodern
mktextfm mathpazo
mktextfm mathpazo
mktextfm mathpazo
mktextfm mathpazo/BI
mktextfm mathpazo
mktextfm mathpazo/B
mktextfm mathpazo
mktextfm mathpazo/I
mktextfm mathpazo
mktextfm mathpazo
mktextfm mathpazo
mktextfm mathpazo
