This is XeTeX, Version 3.14159265-2.6-0.99991 (TeX Live 2014/W32TeX) (preloaded format=xelatex 2016.12.30)  30 DEC 2016 18:38
entering extended mode
 restricted \write18 enabled.
 %&-line parsing enabled.
**toi.tex
(./toi.tex
LaTeX2e <2014/05/01>
Babel <3.9k> and hyphenation patterns for 78 languages loaded.
! Undefined control sequence.
l.1 \tableofcontents
                    
The control sequence at the end of the top line
of your error message was never \def'ed. If you have
misspelled it (e.g., `\hobx'), type `I' and the correct
spelling (e.g., `I\hbox'). Otherwise just continue,
and I'll forget about whatever was undefined.

! Undefined control sequence.
l.2 \listoffigures
                  
The control sequence at the end of the top line
of your error message was never \def'ed. If you have
misspelled it (e.g., `\hobx'), type `I' and the correct
spelling (e.g., `I\hbox'). Otherwise just continue,
and I'll forget about whatever was undefined.

)
! Emergency stop.
<*> toi.tex
           
*** (job aborted, no legal \end found)

 
Here is how much of TeX's memory you used:
 4 strings out of 493734
 26 string characters out of 6149467
 52937 words of memory out of 5000000
 3428 multiletter control sequences out of 15000+600000
 3640 words of font info for 14 fonts, out of 8000000 for 9000
 1328 hyphenation exceptions out of 8191
 5i,0n,1p,26b,8s stack positions out of 5000i,500n,10000p,200000b,80000s
No pages of output.
